<?xml version="1.0" encoding="UTF-8"?>
<testng-results ignored="4" total="7" passed="3" failed="0" skipped="0">
  <reporter-output>
  </reporter-output>
  <suite started-at="2021-06-14T23:26:45 CDT" name="Suite" finished-at="2021-06-14T23:26:50 CDT" duration-ms="4549">
    <groups>
    </groups>
    <test started-at="2021-06-14T23:26:45 CDT" name="Test" finished-at="2021-06-14T23:26:50 CDT" duration-ms="4549">
      <class name="testByTestNG.TestCraigListAptAndHousingLink">
        <test-method is-config="true" signature="goToCraigslist()[pri:0, instance:testByTestNG.TestCraigListAptAndHousingLink@732c2a62]" started-at="2021-06-14T23:26:48 CDT" name="goToCraigslist" finished-at="2021-06-14T23:26:48 CDT" duration-ms="124" status="PASS">
          <reporter-output>
          </reporter-output>
        </test-method> <!-- goToCraigslist -->
        <test-method signature="aptOrHousingLinkActivated()[pri:0, instance:testByTestNG.TestCraigListAptAndHousingLink@732c2a62]" started-at="2021-06-14T23:26:48 CDT" name="aptOrHousingLinkActivated" finished-at="2021-06-14T23:26:50 CDT" duration-ms="1871" status="PASS">
          <reporter-output>
          </reporter-output>
        </test-method> <!-- aptOrHousingLinkActivated -->
      </class> <!-- testByTestNG.TestCraigListAptAndHousingLink -->
      <class name="class_19TestNG.TestCraigListAccountingAndFinanceLink">
        <test-method is-config="true" signature="Setup()[pri:0, instance:class_19TestNG.TestCraigListAccountingAndFinanceLink@2f8dad04]" started-at="2021-06-14T23:26:44 CDT" name="Setup" finished-at="2021-06-14T23:26:45 CDT" duration-ms="1855" status="PASS">
          <reporter-output>
          </reporter-output>
        </test-method> <!-- Setup -->
        <test-method is-config="true" signature="goToCraigslist()[pri:0, instance:class_19TestNG.TestCraigListAccountingAndFinanceLink@2f8dad04]" started-at="2021-06-14T23:26:45 CDT" name="goToCraigslist" finished-at="2021-06-14T23:26:46 CDT" duration-ms="919" status="PASS">
          <reporter-output>
          </reporter-output>
        </test-method> <!-- goToCraigslist -->
        <test-method signature="testAccount_Finance()[pri:0, instance:class_19TestNG.TestCraigListAccountingAndFinanceLink@2f8dad04]" started-at="2021-06-14T23:26:46 CDT" name="testAccount_Finance" finished-at="2021-06-14T23:26:48 CDT" duration-ms="1134" status="PASS">
          <reporter-output>
          </reporter-output>
        </test-method> <!-- testAccount_Finance -->
        <test-method is-config="true" signature="AfterMethod()[pri:0, instance:class_19TestNG.TestCraigListAccountingAndFinanceLink@2f8dad04]" started-at="2021-06-14T23:26:50 CDT" name="AfterMethod" finished-at="2021-06-14T23:26:50 CDT" duration-ms="91" status="PASS">
          <reporter-output>
          </reporter-output>
        </test-method> <!-- AfterMethod -->
      </class> <!-- class_19TestNG.TestCraigListAccountingAndFinanceLink -->
      <class name="testByTestNG.TestCraigListAccountingAndFinanceLink">
        <test-method is-config="true" signature="goToCraigslist()[pri:0, instance:testByTestNG.TestCraigListAccountingAndFinanceLink@272ed83b]" started-at="2021-06-14T23:26:50 CDT" name="goToCraigslist" finished-at="2021-06-14T23:26:50 CDT" duration-ms="108" status="PASS">
          <reporter-output>
          </reporter-output>
        </test-method> <!-- goToCraigslist -->
        <test-method signature="testCLAccountngAndFinance()[pri:0, instance:testByTestNG.TestCraigListAccountingAndFinanceLink@272ed83b]" started-at="2021-06-14T23:26:50 CDT" name="testCLAccountngAndFinance" finished-at="2021-06-14T23:26:50 CDT" duration-ms="335" status="PASS">
          <reporter-output>
          </reporter-output>
        </test-method> <!-- testCLAccountngAndFinance -->
      </class> <!-- testByTestNG.TestCraigListAccountingAndFinanceLink -->
    </test> <!-- Test -->
  </suite> <!-- Suite -->
</testng-results>
