<?xml version="1.0" encoding="UTF-8"?>
<!-- Generated by org.testng.reporters.JUnitXMLReporter -->
<testsuite ignored="4" hostname="DESKTOP-2EA6IRU" failures="0" tests="3" name="Test" time="4.549" errors="0" timestamp="2021-06-14T23:26:50 CDT">
  <testcase classname="class_19TestNG.TestCraigListAccountingAndFinanceLink" name="testAccount_Finance" time="1.134"/>
  <testcase classname="testByTestNG.TestCraigListAptAndHousingLink" name="aptOrHousingLinkActivated" time="1.871"/>
  <testcase classname="testByTestNG.TestCraigListAccountingAndFinanceLink" name="testCLAccountngAndFinance" time="0.335"/>
  <testcase classname="testByTestNG.Base" name="@BeforeSuite Setup" time="0.0">
    <ignored/>
  </testcase> <!-- @BeforeSuite Setup -->
  <testcase classname="testByTestNG.Base" name="@BeforeSuite Setup" time="0.0">
    <ignored/>
  </testcase> <!-- @BeforeSuite Setup -->
  <testcase classname="testByTestNG.Base" name="@AfterSuite AfterMethod" time="0.0">
    <ignored/>
  </testcase> <!-- @AfterSuite AfterMethod -->
  <testcase classname="testByTestNG.Base" name="@AfterSuite AfterMethod" time="0.0">
    <ignored/>
  </testcase> <!-- @AfterSuite AfterMethod -->
</testsuite> <!-- Test -->
